This is pdfeTeX, Version 3.141592-1.20a-2.2 (MiKTeX 2.4) (preloaded format=latex 2008.7.2)  24 OCT 2008 00:29
entering extended mode
**ejem.tex
(ejem.tex
LaTeX2e <2003/12/01>
Babel <v3.8a> and hyphenation patterns for english, french, german, ngerman, sp
anish, dumylang, nohyphenation, loaded.
(C:\texmf\tex\latex\base\book.cls
Document Class: book 2004/02/16 v1.4f Standard LaTeX document class
(C:\texmf\tex\latex\base\bk12.clo
File: bk12.clo 2004/02/16 v1.4f Standard LaTeX file (size option)
)
\c@part=\count79
\c@chapter=\count80
\c@section=\count81
\c@subsection=\count82
\c@subsubsection=\count83
\c@paragraph=\count84
\c@subparagraph=\count85
\c@figure=\count86
\c@table=\count87
\abovecaptionskip=\skip41
\belowcaptionskip=\skip42
\bibindent=\dimen102
) (C:\texmf\tex\latex\amsfonts\amssymb.sty
Package: amssymb 2002/01/22 v2.2d

(C:\texmf\tex\latex\amsfonts\amsfonts.sty
Package: amsfonts 2001/10/25 v2.2f
\@emptytoks=\toks14
\symAMSa=\mathgroup4
\symAMSb=\mathgroup5
LaTeX Font Info:    Overwriting math alphabet `\mathfrak' in version `bold'
(Font)                  U/euf/m/n --> U/euf/b/n on input line 132.
))
(C:\texmf\tex\latex\amsmath\amsbsy.sty
Package: amsbsy 1999/11/29 v1.2d
 (C:\texmf\tex\latex\amsmath\amsgen.sty
File: amsgen.sty 1999/11/30 v2.0
\@emptytoks=\toks15
\ex@=\dimen103
)
\pmbraise@=\dimen104
) (C:\texmf\tex\latex\base\latexsym.sty
Package: latexsym 1998/08/17 v2.2e Standard LaTeX package (lasy symbols)
\symlasy=\mathgroup6
LaTeX Font Info:    Overwriting symbol font `lasy' in version `bold'
(Font)                  U/lasy/m/n --> U/lasy/b/n on input line 47.
)
(C:\texmf\tex\latex\graphics\graphicx.sty
Package: graphicx 1999/02/16 v1.0f Enhanced LaTeX Graphics (DPC,SPQR)

(C:\texmf\tex\latex\graphics\keyval.sty
Package: keyval 1999/03/16 v1.13 key=value parser (DPC)
\KV@toks@=\toks16
)
(C:\texmf\tex\latex\graphics\graphics.sty
Package: graphics 2001/07/07 v1.0n Standard LaTeX Graphics (DPC,SPQR)
 (C:\texmf\tex\latex\graphics\trig.sty
Package: trig 1999/03/16 v1.09 sin cos tan (DPC)
) (C:\texmf\tex\latex\00miktex\graphics.cfg
File: graphics.cfg 2003/03/12 v1.1 MiKTeX 'graphics' configuration
)
Package graphics Info: Driver file: dvips.def on input line 80.

(C:\texmf\tex\latex\graphics\dvips.def
File: dvips.def 1999/02/16 v3.0i Driver-dependant file (DPC,SPQR)
))
\Gin@req@height=\dimen105
\Gin@req@width=\dimen106
) (C:\texmf\tex\generic\babel\babel.sty
Package: babel 2004/02/19 v3.8a The Babel package
(C:\texmf\tex\generic\babel\spanish.ldf
Language: spanish.ldf 2004/02/20 v4.2b Spanish support from the babel system
 (C:\texmf\tex\generic\babel\babel.def
File: babel.def 2004/02/19 v3.8a Babel common definitions
\babel@savecnt=\count88
\U@D=\dimen107
)
\es@quottoks=\toks17
\es@quotdepth=\count89
Package babel Info: Making . an active character on input line 509.
Package babel Info: Making " an active character on input line 540.
Package babel Info: Making < an active character on input line 641.
Package babel Info: Making > an active character on input line 642.
)) (C:\texmf\tex\latex\base\inputenc.sty
Package: inputenc 2004/02/05 v1.0d Input encoding file
 (C:\texmf\tex\latex\base\latin1.def
File: latin1.def 2004/02/05 v1.0d Input encoding file
))
(ejem.aux)
LaTeX Font Info:    Checking defaults for OML/cmm/m/it on input line 21.
LaTeX Font Info:    ... okay on input line 21.
LaTeX Font Info:    Checking defaults for T1/cmr/m/n on input line 21.
LaTeX Font Info:    ... okay on input line 21.
LaTeX Font Info:    Checking defaults for OT1/cmr/m/n on input line 21.
LaTeX Font Info:    ... okay on input line 21.
LaTeX Font Info:    Checking defaults for OMS/cmsy/m/n on input line 21.
LaTeX Font Info:    ... okay on input line 21.
LaTeX Font Info:    Checking defaults for OMX/cmex/m/n on input line 21.
LaTeX Font Info:    ... okay on input line 21.
LaTeX Font Info:    Checking defaults for U/cmr/m/n on input line 21.
LaTeX Font Info:    ... okay on input line 21.

Overfull \vbox (6.16666pt too high) has occurred while \output is active []


[1{psfonts.map}


]
Overfull \vbox (6.16666pt too high) has occurred while \output is active []


[2]
Overfull \vbox (6.16666pt too high) has occurred while \output is active []


[3]
Overfull \vbox (6.16666pt too high) has occurred while \output is active []


[4]
Overfull \vbox (6.16666pt too high) has occurred while \output is active []


[5]
Overfull \vbox (6.16666pt too high) has occurred while \output is active []


[6]
Overfull \vbox (6.16666pt too high) has occurred while \output is active []


[7]
Overfull \vbox (6.16666pt too high) has occurred while \output is active []


[8]
Overfull \vbox (6.16666pt too high) has occurred while \output is active []


[9]
LaTeX Font Info:    Try loading font information for U+msa on input line 491.
 (C:\texmf\tex\latex\amsfonts\umsa.fd
File: umsa.fd 2002/01/19 v2.2g AMS font definitions
)
LaTeX Font Info:    Try loading font information for U+msb on input line 491.
 (C:\texmf\tex\latex\amsfonts\umsb.fd
File: umsb.fd 2002/01/19 v2.2g AMS font definitions
)
LaTeX Font Info:    Try loading font information for U+lasy on input line 491.
(C:\texmf\tex\latex\base\ulasy.fd
File: ulasy.fd 1998/08/17 v2.2e LaTeX symbol font definitions
)
Overfull \vbox (6.16666pt too high) has occurred while \output is active []


[10]
Overfull \vbox (6.16666pt too high) has occurred while \output is active []


[11] (ejem.aux) ) 
Here is how much of TeX's memory you used:
 1549 strings out of 95502
 16593 string characters out of 1189375
 69991 words of memory out of 1070677
 4597 multiletter control sequences out of 60000
 9265 words of font info for 37 fonts, out of 500000 for 1000
 14 hyphenation exceptions out of 607
 26i,6n,29p,705b,186s stack positions out of 1500i,500n,5000p,200000b,32768s
 44 PDF objects out of 300000
 0 named destinations out of 300000
 1 words of extra memory for PDF output out of 65536
<C:\texmf\fonts\type1\bluesky\cm\cmr8.pfb><C:\texmf\fonts\type
1\bluesky\cm\cmr12.pfb><C:\texmf\fonts\type1\bluesky\cm\cmcsc10.pfb>
Output written on ejem.pdf (11 pages, 47284 bytes).
